WARNING:tensorflow:
The TensorFlow contrib module will not be included in TensorFlow 2.0.
For more information, please see:
  * https://github.com/tensorflow/community/blob/master/rfcs/20180907-contrib-sunset.md
  * https://github.com/tensorflow/addons
  * https://github.com/tensorflow/io (for I/O related ops)
If you depend on functionality not listed there, please file an issue.

WARNING:tensorflow:From train.py:212: The name tf.placeholder is deprecated. Please use tf.compat.v1.placeholder instead.

WARNING:tensorflow:From /fs03/hk34/liu/Point-GNN/Point-GNN/models/models.py:128: The name tf.variable_scope is deprecated. Please use tf.compat.v1.variable_scope instead.

WARNING:tensorflow:From /fs03/hk34/liu/Point-GNN/Point-GNN/models/models.py:128: The name tf.AUTO_REUSE is deprecated. Please use tf.compat.v1.AUTO_REUSE instead.

WARNING:tensorflow:From /fs03/hk34/liu/Point-GNN/lib/python3.7/site-packages/tensorflow_core/contrib/layers/python/layers/layers.py:1866: Layer.apply (from tensorflow.python.keras.engine.base_layer) is deprecated and will be removed in a future version.
Instructions for updating:
Please use `layer.__call__` method instead.
WARNING:tensorflow:From /fs03/hk34/liu/Point-GNN/Point-GNN/models/models.py:237: The name tf.losses.huber_loss is deprecated. Please use tf.compat.v1.losses.huber_loss instead.

WARNING:tensorflow:From /fs03/hk34/liu/Point-GNN/Point-GNN/models/models.py:242: The name tf.losses.Reduction is deprecated. Please use tf.compat.v1.losses.Reduction instead.

WARNING:tensorflow:From /fs03/hk34/liu/Point-GNN/Point-GNN/models/models.py:254: The name tf.div_no_nan is deprecated. Please use tf.math.divide_no_nan instead.

WARNING:tensorflow:From /fs03/hk34/liu/Point-GNN/Point-GNN/models/models.py:259: where (from tensorflow.python.ops.array_ops) is deprecated and will be removed in a future version.
Instructions for updating:
Use tf.where in 2.0, which has the same broadcast rule as np.where
WARNING:tensorflow:From /fs03/hk34/liu/Point-GNN/Point-GNN/models/models.py:262: The name tf.is_nan is deprecated. Please use tf.math.is_nan instead.

WARNING:tensorflow:From /fs03/hk34/liu/Point-GNN/Point-GNN/models/models.py:305: The name tf.assert_equal is deprecated. Please use tf.compat.v1.assert_equal instead.

WARNING:tensorflow:From /fs03/hk34/liu/Point-GNN/Point-GNN/models/models.py:307: The name tf.losses.get_regularization_losses is deprecated. Please use tf.compat.v1.losses.get_regularization_losses instead.

WARNING:tensorflow:From train.py:325: The name tf.metrics.mean is deprecated. Please use tf.compat.v1.metrics.mean instead.

WARNING:tensorflow:From train.py:342: The name tf.metrics.recall is deprecated. Please use tf.compat.v1.metrics.recall instead.

WARNING:tensorflow:From /fs03/hk34/liu/Point-GNN/lib/python3.7/site-packages/tensorflow_core/python/ops/metrics_impl.py:2200: div (from tensorflow.python.ops.math_ops) is deprecated and will be removed in a future version.
Instructions for updating:
Deprecated in favor of operator or tf.math.divide.
WARNING:tensorflow:From train.py:350: The name tf.metrics.precision is deprecated. Please use tf.compat.v1.metrics.precision instead.

WARNING:tensorflow:From train.py:358: The name tf.metrics.auc is deprecated. Please use tf.compat.v1.metrics.auc instead.

WARNING:tensorflow:From train.py:392: The name tf.train.exponential_decay is deprecated. Please use tf.compat.v1.train.exponential_decay instead.

WARNING:tensorflow:From train.py:395: The name tf.get_collection is deprecated. Please use tf.compat.v1.get_collection instead.

WARNING:tensorflow:From train.py:395: The name tf.GraphKeys is deprecated. Please use tf.compat.v1.GraphKeys instead.

WARNING:tensorflow:From train.py:397: The name tf.train.GradientDescentOptimizer is deprecated. Please use tf.compat.v1.train.GradientDescentOptimizer instead.

WARNING:tensorflow:From train.py:398: The name tf.train.MomentumOptimizer is deprecated. Please use tf.compat.v1.train.MomentumOptimizer instead.

WARNING:tensorflow:From train.py:399: The name tf.train.RMSPropOptimizer is deprecated. Please use tf.compat.v1.train.RMSPropOptimizer instead.

WARNING:tensorflow:From train.py:400: The name tf.train.AdamOptimizer is deprecated. Please use tf.compat.v1.train.AdamOptimizer instead.

/fs03/hk34/liu/Point-GNN/lib/python3.7/site-packages/tensorflow_core/python/framework/indexed_slices.py:424: UserWarning: Converting sparse IndexedSlices to a dense Tensor of unknown shape. This may consume a large amount of memory.
  "Converting sparse IndexedSlices to a dense Tensor of unknown shape. "
/fs03/hk34/liu/Point-GNN/lib/python3.7/site-packages/tensorflow_core/python/framework/indexed_slices.py:424: UserWarning: Converting sparse IndexedSlices to a dense Tensor of unknown shape. This may consume a large amount of memory.
  "Converting sparse IndexedSlices to a dense Tensor of unknown shape. "
/fs03/hk34/liu/Point-GNN/lib/python3.7/site-packages/tensorflow_core/python/framework/indexed_slices.py:424: UserWarning: Converting sparse IndexedSlices to a dense Tensor of unknown shape. This may consume a large amount of memory.
  "Converting sparse IndexedSlices to a dense Tensor of unknown shape. "
/fs03/hk34/liu/Point-GNN/lib/python3.7/site-packages/tensorflow_core/python/framework/indexed_slices.py:424: UserWarning: Converting sparse IndexedSlices to a dense Tensor of unknown shape. This may consume a large amount of memory.
  "Converting sparse IndexedSlices to a dense Tensor of unknown shape. "
/fs03/hk34/liu/Point-GNN/lib/python3.7/site-packages/tensorflow_core/python/framework/indexed_slices.py:424: UserWarning: Converting sparse IndexedSlices to a dense Tensor of unknown shape. This may consume a large amount of memory.
  "Converting sparse IndexedSlices to a dense Tensor of unknown shape. "
/fs03/hk34/liu/Point-GNN/lib/python3.7/site-packages/tensorflow_core/python/framework/indexed_slices.py:424: UserWarning: Converting sparse IndexedSlices to a dense Tensor of unknown shape. This may consume a large amount of memory.
  "Converting sparse IndexedSlices to a dense Tensor of unknown shape. "
WARNING:tensorflow:From train.py:515: The name tf.train.Saver is deprecated. Please use tf.compat.v1.train.Saver instead.

WARNING:tensorflow:From train.py:516: The name tf.get_default_graph is deprecated. Please use tf.compat.v1.get_default_graph instead.

WARNING:tensorflow:From train.py:518: The name tf.GPUOptions is deprecated. Please use tf.compat.v1.GPUOptions instead.

WARNING:tensorflow:From train.py:527: The name tf.Session is deprecated. Please use tf.compat.v1.Session instead.

WARNING:tensorflow:From train.py:528: The name tf.ConfigProto is deprecated. Please use tf.compat.v1.ConfigProto instead.

2022-09-29 01:55:24.979034: I tensorflow/core/platform/cpu_feature_guard.cc:142] Your CPU supports instructions that this TensorFlow binary was not compiled to use: AVX2 AVX512F FMA
2022-09-29 01:55:25.340484: I tensorflow/core/platform/profile_utils/cpu_utils.cc:94] CPU Frequency: 2693655000 Hz
2022-09-29 01:55:25.340721: I tensorflow/compiler/xla/service/service.cc:168] XLA service 0xcf67b70 initialized for platform Host (this does not guarantee that XLA will be used). Devices:
2022-09-29 01:55:25.340753: I tensorflow/compiler/xla/service/service.cc:176]   StreamExecutor device (0): Host, Default Version
2022-09-29 01:55:25.433045: I tensorflow/stream_executor/platform/default/dso_loader.cc:44] Successfully opened dynamic library libcuda.so.1
2022-09-29 01:55:27.747095: I tensorflow/stream_executor/cuda/cuda_gpu_executor.cc:983] successful NUMA node read from SysFS had negative value (-1), but there must be at least one NUMA node, so returning NUMA node zero
2022-09-29 01:55:27.747925: I tensorflow/compiler/xla/service/service.cc:168] XLA service 0xcf69d10 initialized for platform CUDA (this does not guarantee that XLA will be used). Devices:
2022-09-29 01:55:27.747967: I tensorflow/compiler/xla/service/service.cc:176]   StreamExecutor device (0): Tesla V100-PCIE-16GB, Compute Capability 7.0
2022-09-29 01:55:27.748349: I tensorflow/stream_executor/cuda/cuda_gpu_executor.cc:983] successful NUMA node read from SysFS had negative value (-1), but there must be at least one NUMA node, so returning NUMA node zero
2022-09-29 01:55:27.749072: I tensorflow/core/common_runtime/gpu/gpu_device.cc:1618] Found device 0 with properties: 
name: Tesla V100-PCIE-16GB major: 7 minor: 0 memoryClockRate(GHz): 1.38
pciBusID: 0000:00:08.0
2022-09-29 01:55:27.870413: I tensorflow/stream_executor/platform/default/dso_loader.cc:44] Successfully opened dynamic library libcudart.so.10.0
2022-09-29 01:55:28.027127: I tensorflow/stream_executor/platform/default/dso_loader.cc:44] Successfully opened dynamic library libcublas.so.10.0
2022-09-29 01:55:28.140886: I tensorflow/stream_executor/platform/default/dso_loader.cc:44] Successfully opened dynamic library libcufft.so.10.0
2022-09-29 01:55:28.573326: I tensorflow/stream_executor/platform/default/dso_loader.cc:44] Successfully opened dynamic library libcurand.so.10.0
2022-09-29 01:55:28.744651: I tensorflow/stream_executor/platform/default/dso_loader.cc:44] Successfully opened dynamic library libcusolver.so.10.0
2022-09-29 01:55:28.838927: I tensorflow/stream_executor/platform/default/dso_loader.cc:44] Successfully opened dynamic library libcusparse.so.10.0
2022-09-29 01:55:29.110207: I tensorflow/stream_executor/platform/default/dso_loader.cc:44] Successfully opened dynamic library libcudnn.so.7
2022-09-29 01:55:29.110545: I tensorflow/stream_executor/cuda/cuda_gpu_executor.cc:983] successful NUMA node read from SysFS had negative value (-1), but there must be at least one NUMA node, so returning NUMA node zero
2022-09-29 01:55:29.111420: I tensorflow/stream_executor/cuda/cuda_gpu_executor.cc:983] successful NUMA node read from SysFS had negative value (-1), but there must be at least one NUMA node, so returning NUMA node zero
2022-09-29 01:55:29.112133: I tensorflow/core/common_runtime/gpu/gpu_device.cc:1746] Adding visible gpu devices: 0
2022-09-29 01:55:29.112275: I tensorflow/stream_executor/platform/default/dso_loader.cc:44] Successfully opened dynamic library libcudart.so.10.0
2022-09-29 01:55:29.113848: I tensorflow/core/common_runtime/gpu/gpu_device.cc:1159] Device interconnect StreamExecutor with strength 1 edge matrix:
2022-09-29 01:55:29.113882: I tensorflow/core/common_runtime/gpu/gpu_device.cc:1165]      0 
2022-09-29 01:55:29.113914: I tensorflow/core/common_runtime/gpu/gpu_device.cc:1178] 0:   N 
2022-09-29 01:55:29.114126: I tensorflow/stream_executor/cuda/cuda_gpu_executor.cc:983] successful NUMA node read from SysFS had negative value (-1), but there must be at least one NUMA node, so returning NUMA node zero
2022-09-29 01:55:29.114906: I tensorflow/stream_executor/cuda/cuda_gpu_executor.cc:983] successful NUMA node read from SysFS had negative value (-1), but there must be at least one NUMA node, so returning NUMA node zero
2022-09-29 01:55:29.203567: I tensorflow/core/common_runtime/gpu/gpu_device.cc:1304] Created TensorFlow device (/job:localhost/replica:0/task:0/device:GPU:0 with 15060 MB memory) -> physical GPU (device: 0, name: Tesla V100-PCIE-16GB, pci bus id: 0000:00:08.0, compute capability: 7.0)
WARNING:tensorflow:From train.py:530: The name tf.variables_initializer is deprecated. Please use tf.compat.v1.variables_initializer instead.

WARNING:tensorflow:From train.py:530: The name tf.global_variables is deprecated. Please use tf.compat.v1.global_variables instead.

WARNING:tensorflow:From train.py:537: The name tf.local_variables is deprecated. Please use tf.compat.v1.local_variables instead.

slurmstepd: error: *** JOB 27211298 ON m3g019 CANCELLED AT 2022-09-29T20:24:16 ***
slurmstepd: error: Detected 667896 oom-kill event(s) in StepId=27211298.batch cgroup. Some of your processes may have been killed by the cgroup out-of-memory handler.
